<?xml version="1.0" encoding="UTF-8"?>
<!-- Generated by org.testng.reporters.JUnitReportReporter -->
<testsuite hostname="LAPTOP-KUPVITNT" failures="0" tests="7" name="org.solve.Challengee" time="23.420" errors="0" timestamp="2025-03-17T15:51:16 IST" skipped="0">
  <testcase classname="org.solve.Challengee" name="openGmail" time="4.056"/>
  <testcase classname="org.solve.Challengee" name="openInmakes" time="10.481"/>
  <testcase classname="org.solve.Challengee" name="openRedubs" time="1.406"/>
  <testcase classname="org.solve.Challengee" name="openFlipkart" time="2.112"/>
  <testcase classname="org.solve.Challengee" name="openAmazon" time="1.487"/>
  <testcase classname="org.solve.Challengee" name="openFacebook" time="1.124"/>
  <testcase classname="org.solve.Challengee" name="openYouTube" time="2.754"/>
</testsuite> <!-- org.solve.Challengee -->
