<?xml version="1.0" encoding="UTF-8"?>
<!-- Generated by org.testng.reporters.JUnitReportReporter -->
<testsuite hostname="LAPTOP-KUPVITNT" failures="0" tests="3" name="org.solve.Challenge" time="9.392" errors="0" timestamp="2025-03-17T22:24:01 IST" skipped="0">
  <testcase classname="org.solve.Challenge" name="Test3" time="4.765"/>
  <testcase classname="org.solve.Challenge" name="Test4" time="2.251"/>
  <testcase classname="org.solve.Challenge" name="Test4" time="2.376"/>
</testsuite> <!-- org.solve.Challenge -->
